* using log directory ‘/homes/loach/Workspace/GirlsProject/ConsensusMCMC.Rcheck’
* using R version 3.3.1 (2016-06-21)
* using platform: x86_64-pc-linux-gnu (64-bit)
* using session charset: UTF-8
* checking for file ‘ConsensusMCMC/DESCRIPTION’ ... OK
* checking extension type ... Package
* this is package ‘ConsensusMCMC’ version ‘1.0’
* checking package namespace information ... OK
* checking package dependencies ... OK
* checking if this is a source package ... WARNING
Subdirectory ‘ConsensusMCMC/src’ contains apparent object files/libraries
  BetaMH.o ConsensusMCMC.so gammaMH.o logisticMH.o normalMH.o
  normalMultiCoreMH.o utilities.o
Object files/libraries should not be included in a source package.

In addition to the above warning(s), found the following notes:

Found the following apparent object files/libraries:
  ConsensusMCMC.Rcheck/ConsensusMCMC/libs/ConsensusMCMC.so
Object files/libraries should not be included in a source package.

Subdirectory ‘ConsensusMCMC.Rcheck/ConsensusMCMC’ seems to contain an installed version of the package.
* checking if there is a namespace ... OK
* checking for executable files ... WARNING
Found the following executable file:
  c/a.out
Source packages should not contain undeclared executable files.
See section ‘Package structure’ in the ‘Writing R Extensions’ manual.
* checking for hidden files and directories ... NOTE
Found the following hidden files and directories:
  .Rhistory
  src/.Rhistory
These were most likely included in error. See section ‘Package
structure’ in the ‘Writing R Extensions’ manual.
* checking for portable file names ... OK
* checking for sufficient/correct file permissions ... OK
* checking whether package ‘ConsensusMCMC’ can be installed ... OK
* checking installed package size ... OK
* checking package directory ... OK
* checking DESCRIPTION meta-information ... OK
* checking top-level files ... OK
* checking for left-over files ... OK
* checking index information ... OK
* checking package subdirectories ... WARNING
Found the following directory with the name of a check directory:
  ./ConsensusMCMC.Rcheck
Most likely, these were included erroneously.
* checking R files for non-ASCII characters ... OK
* checking R files for syntax errors ... OK
* checking whether the package can be loaded ... OK
* checking whether the package can be loaded with stated dependencies ... OK
* checking whether the package can be unloaded cleanly ... OK
* checking whether the namespace can be loaded with stated dependencies ... OK
* checking whether the namespace can be unloaded cleanly ... OK
* checking loading without being on the library search path ... OK
* checking dependencies in R code ... NOTE
'library' or 'require' call to ‘ggplot2’ which was already attached by Depends.
  Please remove these calls from your code.
Packages in Depends field not imported from:
  ‘ggplot2’ ‘parallel’
  These packages need to be imported from (in the NAMESPACE file)
  for when this namespace is loaded but not attached.
* checking S3 generic/method consistency ... OK
* checking replacement functions ... OK
* checking foreign function calls ... OK
* checking R code for possible problems ... NOTE
ACFPlot: no visible global function definition for ‘acf’
ACFPlot: no visible global function definition for ‘ggplot’
ACFPlot: no visible global function definition for ‘aes’
ACFPlot: no visible binding for global variable ‘lag’
ACFPlot: no visible binding for global variable ‘acf’
ACFPlot: no visible global function definition for ‘geom_bar’
HistPlot: no visible global function definition for ‘ggplot’
HistPlot: no visible global function definition for ‘aes’
HistPlot: no visible global function definition for ‘geom_density’
LogisticMH: no visible binding for global variable ‘y’
QQPlot: no visible global function definition for ‘quantile’
QQPlot: no visible global function definition for ‘ggplot’
QQPlot: no visible global function definition for ‘aes’
QQPlot: no visible global function definition for ‘geom_point’
QQPlot: no visible global function definition for ‘geom_abline’
TracePlot: no visible global function definition for ‘ggplot’
TracePlot: no visible global function definition for ‘aes’
TracePlot: no visible global function definition for ‘geom_line’
weightsComputation: no visible binding for global variable ‘var’
weightsMultivariateComputation : <anonymous>: no visible global
  function definition for ‘cov’
Undefined global functions or variables:
  acf aes cov geom_abline geom_bar geom_density geom_line geom_point
  ggplot lag quantile var y
Consider adding
  importFrom("stats", "acf", "cov", "lag", "quantile", "var")
to your NAMESPACE file.
* checking Rd files ... OK
* checking Rd metadata ... OK
* checking Rd cross-references ... OK
* checking for missing documentation entries ... WARNING
Undocumented code objects:
  ‘LogisticMH’ ‘NormalMultiCoreMH’ ‘weightsMultivariateComputation’
All user-level objects in a package should have documentation entries.
See chapter ‘Writing R documentation files’ in the ‘Writing R
Extensions’ manual.
* checking for code/documentation mismatches ... OK
* checking Rd \usage sections ... OK
* checking Rd contents ... OK
* checking for unstated dependencies in examples ... WARNING
'::' or ':::' import not declared from: ‘devtools’
* checking line endings in C/C++/Fortran sources/headers ... OK
* checking line endings in Makefiles ... NOTE
Found the following Makefile(s) without a final LF:
  src/Makevars
Some ‘make’ programs ignore lines not ending in LF.
* checking compilation flags in Makevars ... WARNING
Non-portable flags in variable 'PKG_CFLAGS':
  -march=native -mtune=native -std=c11 -fopenmp
* checking for GNU extensions in Makefiles ... OK
* checking for portable use of $(BLAS_LIBS) and $(LAPACK_LIBS) ... OK
* checking compiled code ... NOTE
File ‘ConsensusMCMC/libs/ConsensusMCMC.so’:
  Found ‘printf’, possibly from ‘printf’ (C)
    Objects: ‘BetaMH.o’, ‘gammaMH.o’, ‘logisticMH.o’, ‘normalMH.o’
  Found ‘puts’, possibly from ‘printf’ (C), ‘puts’ (C)
    Object: ‘normalMultiCoreMH.o’

Compiled code should not call entry points which might terminate R nor
write to stdout/stderr instead of to the console, nor the system RNG.

See ‘Writing portable packages’ in the ‘Writing R Extensions’ manual.
* checking examples ... OK
* checking PDF version of manual ... OK
* DONE
Status: 6 WARNINGs, 5 NOTEs
